Build started 11/27/2014 1:22:46 PM.
     1>Project "C:\Users\Eric Liang\Desktop\update\HeapAndSort\HeapAndSort.vcxproj" on node 2 (Build target(s)).
     1>InitializeBuildStatus:
         Creating "Debug\HeapAndSort.unsuccessfulbuild" because "AlwaysCreate" was specified.
       ClCompile:
         C:\Program Files (x86)\Microsoft Visual Studio 11.0\VC\bin\CL.exe /c /ZI /nologo /W3 /WX- /Od /Oy- /D WIN32 /D _DEBUG /D _CONSOLE /D _UNICODE /D UNICODE /Gm /EHsc /RTC1 /MDd /GS /fp:precise /Zc:wchar_t /Zc:forScope /Fo"Debug\\" /Fd"Debug\vc110.pdb" /Gd /TP /analyze- /errorReport:prompt BTHeap.cpp
         BTHeap.cpp
     1>c:\users\eric liang\desktop\update\heapandsort\btheap.cpp(44): warning C4715: 'BTHeap::perculateDown' : not all control paths return a value
     1>c:\users\eric liang\desktop\update\heapandsort\btheap.cpp(231): warning C4715: 'BTHeap::search' : not all control paths return a value
       Link:
         C:\Program Files (x86)\Microsoft Visual Studio 11.0\VC\bin\link.exe /ERRORREPORT:PROMPT /OUT:"C:\Users\Eric Liang\Desktop\update\Debug\HeapAndSort.exe" /INCREMENTAL /NOLOGO kernel32.lib user32.lib gdi32.lib winspool.lib comdlg32.lib advapi32.lib shell32.lib ole32.lib oleaut32.lib uuid.lib odbc32.lib odbccp32.lib /MANIFEST /MANIFESTUAC:"level='asInvoker' uiAccess='false'" /manifest:embed /DEBUG /PDB:"C:\Users\Eric Liang\Desktop\update\Debug\HeapAndSort.pdb" /SUBSYSTEM:CONSOLE /TLBID:1 /DYNAMICBASE /NXCOMPAT /IMPLIB:"C:\Users\Eric Liang\Desktop\update\Debug\HeapAndSort.lib" /MACHINE:X86 Debug\BTHeap.obj
         Debug\MainProgram.obj
         Debug\Node.obj
         HeapAndSort.vcxproj -> C:\Users\Eric Liang\Desktop\update\Debug\HeapAndSort.exe
       FinalizeBuildStatus:
         Deleting file "Debug\HeapAndSort.unsuccessfulbuild".
         Touching "Debug\HeapAndSort.lastbuildstate".
     1>Done Building Project "C:\Users\Eric Liang\Desktop\update\HeapAndSort\HeapAndSort.vcxproj" (Build target(s)).

Build succeeded.

Time Elapsed 00:00:01.08
